<<<<<<< HEAD
2016-05-04 11:22:08 Error: Fatal Error (1): Maximum execution time of 60 seconds exceeded in [C:\wamp\www\journalCake\JournalActivite_cakePhp\vendor\cakephp\cakephp\src\Error\BaseErrorHandler.php, line 119]
Request URL: /
Client IP: 127.0.0.1
Trace:
Cake\Error\BaseErrorHandler::handleFatalError() - CORE\src\Error\BaseErrorHandler.php, line 215
Cake\Error\BaseErrorHandler::Cake\Error\{closure}() - CORE\src\Error\BaseErrorHandler.php, line 98
[main] - [internal], line ??



=======
2016-05-04 10:29:28 Warning: DebugKit not enabled. You need to either install pdo_sqlite, or define the "debug_kit" connection name.
2016-05-04 10:34:42 Warning: DebugKit not enabled. You need to either install pdo_sqlite, or define the "debug_kit" connection name.
>>>>>>> origin/master
2016-05-04 11:41:41 Error: [Cake\Routing\Exception\MissingControllerException] Controller class Utilisateurs could not be found.
Exception Attributes: array (
  'class' => 'Utilisateurs',
  'plugin' => NULL,
  'prefix' => NULL,
  '_ext' => NULL,
)
Request URL: /utilisateurs
Client IP: 127.0.0.1
Stack Trace:
#0 C:\wamp\www\journalCake\JournalActivite_cakePhp\webroot\index.php(37): Cake\Routing\Dispatcher->dispatch(Object(Cake\Network\Request), Object(Cake\Network\Response))
#1 {main}


2016-05-04 12:49:03 Error: [Cake\Routing\Exception\MissingControllerException] Controller class Occupation could not be found.
Exception Attributes: array (
  'class' => 'Occupation',
  'plugin' => NULL,
  'prefix' => NULL,
  '_ext' => NULL,
)
Request URL: /occupation
Client IP: 127.0.0.1
Stack Trace:
#0 C:\wamp\www\journalCake\JournalActivite_cakePhp\webroot\index.php(37): Cake\Routing\Dispatcher->dispatch(Object(Cake\Network\Request), Object(Cake\Network\Response))
#1 {main}


2016-05-04 13:07:30 Error: [Cake\Controller\Exception\MissingActionException] Action UtilisateurController::test() could not be found, or is not accessible.
Exception Attributes: array (
  'controller' => 'UtilisateurController',
  'action' => 'test',
  'prefix' => '',
  'plugin' => NULL,
)
Request URL: /utilisateur/test
Client IP: 127.0.0.1
Stack Trace:
#0 C:\wamp\www\journalCake\JournalActivite_cakePhp\vendor\cakephp\cakephp\src\Routing\Dispatcher.php(114): Cake\Controller\Controller->invokeAction()
#1 C:\wamp\www\journalCake\JournalActivite_cakePhp\vendor\cakephp\cakephp\src\Routing\Dispatcher.php(87): Cake\Routing\Dispatcher->_invoke(Object(App\Controller\UtilisateurController))
#2 C:\wamp\www\journalCake\JournalActivite_cakePhp\webroot\index.php(37): Cake\Routing\Dispatcher->dispatch(Object(Cake\Network\Request), Object(Cake\Network\Response))
#3 {main}


2016-05-04 13:09:40 Error: [Cake\Controller\Exception\MissingActionException] Action CandidatController::index.ctp() could not be found, or is not accessible.
Exception Attributes: array (
  'controller' => 'CandidatController',
  'action' => 'index.ctp',
  'prefix' => '',
  'plugin' => NULL,
)
Request URL: /candidat/index.ctp
Client IP: 127.0.0.1
Stack Trace:
#0 C:\wamp\www\journalCake\JournalActivite_cakePhp\vendor\cakephp\cakephp\src\Routing\Dispatcher.php(114): Cake\Controller\Controller->invokeAction()
#1 C:\wamp\www\journalCake\JournalActivite_cakePhp\vendor\cakephp\cakephp\src\Routing\Dispatcher.php(87): Cake\Routing\Dispatcher->_invoke(Object(App\Controller\CandidatController))
#2 C:\wamp\www\journalCake\JournalActivite_cakePhp\webroot\index.php(37): Cake\Routing\Dispatcher->dispatch(Object(Cake\Network\Request), Object(Cake\Network\Response))
#3 {main}


2016-05-04 13:10:07 Error: [Cake\Controller\Exception\MissingActionException] Action UtilisateurController::1() could not be found, or is not accessible.
Exception Attributes: array (
  'controller' => 'UtilisateurController',
  'action' => '1',
  'prefix' => '',
  'plugin' => NULL,
)
Request URL: /utilisateur/1
Client IP: 127.0.0.1
Stack Trace:
#0 C:\wamp\www\journalCake\JournalActivite_cakePhp\vendor\cakephp\cakephp\src\Routing\Dispatcher.php(114): Cake\Controller\Controller->invokeAction()
#1 C:\wamp\www\journalCake\JournalActivite_cakePhp\vendor\cakephp\cakephp\src\Routing\Dispatcher.php(87): Cake\Routing\Dispatcher->_invoke(Object(App\Controller\UtilisateurController))
#2 C:\wamp\www\journalCake\JournalActivite_cakePhp\webroot\index.php(37): Cake\Routing\Dispatcher->dispatch(Object(Cake\Network\Request), Object(Cake\Network\Response))
#3 {main}


2016-05-04 13:16:13 Error: [Cake\Routing\Exception\MissingControllerException] Controller class Test could not be found.
Exception Attributes: array (
  'class' => 'Test',
  'plugin' => NULL,
  'prefix' => NULL,
  '_ext' => NULL,
)
Request URL: /test
Client IP: 127.0.0.1
Stack Trace:
#0 C:\wamp\www\journalCake\JournalActivite_cakePhp\webroot\index.php(37): Cake\Routing\Dispatcher->dispatch(Object(Cake\Network\Request), Object(Cake\Network\Response))
#1 {main}


2016-05-04 13:16:28 Error: [Cake\Controller\Exception\MissingActionException] Action UtilisateurController::login() could not be found, or is not accessible.
Exception Attributes: array (
  'controller' => 'UtilisateurController',
  'action' => 'login',
  'prefix' => '',
  'plugin' => NULL,
)
Request URL: /utilisateur/login
Client IP: 127.0.0.1
Stack Trace:
#0 C:\wamp\www\journalCake\JournalActivite_cakePhp\vendor\cakephp\cakephp\src\Routing\Dispatcher.php(114): Cake\Controller\Controller->invokeAction()
#1 C:\wamp\www\journalCake\JournalActivite_cakePhp\vendor\cakephp\cakephp\src\Routing\Dispatcher.php(87): Cake\Routing\Dispatcher->_invoke(Object(App\Controller\UtilisateurController))
#2 C:\wamp\www\journalCake\JournalActivite_cakePhp\webroot\index.php(37): Cake\Routing\Dispatcher->dispatch(Object(Cake\Network\Request), Object(Cake\Network\Response))
#3 {main}


2016-05-04 13:30:51 Error: [Cake\Controller\Exception\MissingActionException] Action UtilisateurController::login.ctp() could not be found, or is not accessible.
Exception Attributes: array (
  'controller' => 'UtilisateurController',
  'action' => 'login.ctp',
  'prefix' => '',
  'plugin' => NULL,
)
Request URL: /utilisateur/login.ctp
Client IP: 127.0.0.1
Stack Trace:
#0 C:\wamp\www\journalCake\JournalActivite_cakePhp\vendor\cakephp\cakephp\src\Routing\Dispatcher.php(114): Cake\Controller\Controller->invokeAction()
#1 C:\wamp\www\journalCake\JournalActivite_cakePhp\vendor\cakephp\cakephp\src\Routing\Dispatcher.php(87): Cake\Routing\Dispatcher->_invoke(Object(App\Controller\UtilisateurController))
#2 C:\wamp\www\journalCake\JournalActivite_cakePhp\webroot\index.php(37): Cake\Routing\Dispatcher->dispatch(Object(Cake\Network\Request), Object(Cake\Network\Response))
#3 {main}


2016-05-04 13:31:11 Error: [Cake\Controller\Exception\MissingActionException] Action UtilisateurController::login.ctp() could not be found, or is not accessible.
Exception Attributes: array (
  'controller' => 'UtilisateurController',
  'action' => 'login.ctp',
  'prefix' => '',
  'plugin' => NULL,
)
Request URL: /utilisateur/login.ctp
Client IP: 127.0.0.1
Stack Trace:
#0 C:\wamp\www\journalCake\JournalActivite_cakePhp\vendor\cakephp\cakephp\src\Routing\Dispatcher.php(114): Cake\Controller\Controller->invokeAction()
#1 C:\wamp\www\journalCake\JournalActivite_cakePhp\vendor\cakephp\cakephp\src\Routing\Dispatcher.php(87): Cake\Routing\Dispatcher->_invoke(Object(App\Controller\UtilisateurController))
#2 C:\wamp\www\journalCake\JournalActivite_cakePhp\webroot\index.php(37): Cake\Routing\Dispatcher->dispatch(Object(Cake\Network\Request), Object(Cake\Network\Response))
#3 {main}


